<?xml version="1.0" encoding="UTF-8"?>
<!-- Generated by org.testng.reporters.JUnitXMLReporter -->
<testsuite hostname="DESKTOP-O1MODL2" ignored="0" name="Default test" tests="16" failures="0" timestamp="24 Apr 2019 11:36:09 GMT" time="30.156" errors="0">
  <testcase name="halfEbayRegPageTest" time="1.394" classname="Exceloperatons.HalfebayTest"/>
  <testcase name="halfEbayRegPageTest" time="1.333" classname="Exceloperatons.HalfebayTest"/>
  <testcase name="halfEbayRegPageTest" time="2.531" classname="Exceloperatons.HalfebayTest"/>
  <testcase name="halfEbayRegPageTest" time="1.78" classname="Exceloperatons.HalfebayTest"/>
  <testcase name="halfEbayRegPageTest" time="1.862" classname="Exceloperatons.HalfebayTest"/>
  <testcase name="halfEbayRegPageTest" time="1.833" classname="Exceloperatons.HalfebayTest"/>
  <testcase name="halfEbayRegPageTest" time="1.801" classname="Exceloperatons.HalfebayTest"/>
  <testcase name="halfEbayRegPageTest" time="1.951" classname="Exceloperatons.HalfebayTest"/>
  <testcase name="halfEbayRegPageTest" time="1.804" classname="Exceloperatons.HalfebayTest"/>
  <testcase name="halfEbayRegPageTest" time="1.779" classname="Exceloperatons.HalfebayTest"/>
  <testcase name="halfEbayRegPageTest" time="1.846" classname="Exceloperatons.HalfebayTest"/>
  <testcase name="halfEbayRegPageTest" time="1.799" classname="Exceloperatons.HalfebayTest"/>
  <testcase name="halfEbayRegPageTest" time="1.915" classname="Exceloperatons.HalfebayTest"/>
  <testcase name="halfEbayRegPageTest" time="1.908" classname="Exceloperatons.HalfebayTest"/>
  <testcase name="halfEbayRegPageTest" time="2.082" classname="Exceloperatons.HalfebayTest"/>
  <testcase name="halfEbayRegPageTest" time="1.875" classname="Exceloperatons.HalfebayTest"/>
</testsuite> <!-- Default test -->
