<?xml version="1.0" encoding="UTF-8"?>
<testng-results skipped="0" failed="0" ignored="0" total="1" passed="1">
  <reporter-output>
  </reporter-output>
  <suite name="Default suite" duration-ms="65862" started-at="2019-04-27T20:15:38Z" finished-at="2019-04-27T20:16:44Z">
    <groups>
    </groups>
    <test name="Default test" duration-ms="65862" started-at="2019-04-27T20:15:38Z" finished-at="2019-04-27T20:16:44Z">
      <class name="abhibuspagescripts.Firstpgefunc">
        <test-method status="PASS" signature="chromebrowser(java.lang.String)[pri:0, instance:abhibuspagescripts.Firstpgefunc@13eb8acf]" name="chromebrowser" is-config="true" duration-ms="4489" started-at="2019-04-27T20:15:33Z" finished-at="2019-04-27T20:15:38Z">
          <params>
            <param index="0">
              <value>
                <![CDATA[chrome]]>
              </value>
            </param>
          </params>
          <reporter-output>
          </reporter-output>
        </test-method> <!-- chromebrowser -->
        <test-method status="PASS" signature="startReport()[pri:0, instance:abhibuspagescripts.Firstpgefunc@13eb8acf]" name="startReport" is-config="true" duration-ms="185" started-at="2019-04-27T20:15:38Z" finished-at="2019-04-27T20:15:38Z">
          <reporter-output>
          </reporter-output>
        </test-method> <!-- startReport -->
        <test-method status="PASS" signature="beforeTCExecution(java.lang.reflect.Method)[pri:0, instance:abhibuspagescripts.Firstpgefunc@13eb8acf]" name="beforeTCExecution" is-config="true" duration-ms="12" started-at="2019-04-27T20:15:38Z" finished-at="2019-04-27T20:15:38Z">
          <params>
            <param index="0">
              <value>
                <![CDATA[public void abhibuspagescripts.Firstpgefunc.busdetailsenter() throws java.lang.Exception]]>
              </value>
            </param>
          </params>
          <reporter-output>
          </reporter-output>
        </test-method> <!-- beforeTCExecution -->
        <test-method status="PASS" signature="busdetailsenter()[pri:0, instance:abhibuspagescripts.Firstpgefunc@13eb8acf]" name="busdetailsenter" duration-ms="65643" started-at="2019-04-27T20:15:38Z" finished-at="2019-04-27T20:16:44Z">
          <reporter-output>
          </reporter-output>
        </test-method> <!-- busdetailsenter -->
        <test-method status="PASS" signature="afterTCExecution(org.testng.ITestResult)[pri:0, instance:abhibuspagescripts.Firstpgefunc@13eb8acf]" name="afterTCExecution" is-config="true" duration-ms="6" started-at="2019-04-27T20:16:44Z" finished-at="2019-04-27T20:16:44Z">
          <params>
            <param index="0">
              <value>
                <![CDATA[[TestResult name=busdetailsenter status=SUCCESS method=Firstpgefunc.busdetailsenter()[pri:0, instance:abhibuspagescripts.Firstpgefunc@13eb8acf] output={null}]]]>
              </value>
            </param>
          </params>
          <reporter-output>
          </reporter-output>
        </test-method> <!-- afterTCExecution -->
        <test-method status="PASS" signature="closeBrowser()[pri:0, instance:abhibuspagescripts.Firstpgefunc@13eb8acf]" name="closeBrowser" is-config="true" duration-ms="98" started-at="2019-04-27T20:16:44Z" finished-at="2019-04-27T20:16:44Z">
          <reporter-output>
          </reporter-output>
        </test-method> <!-- closeBrowser -->
      </class> <!-- abhibuspagescripts.Firstpgefunc -->
    </test> <!-- Default test -->
  </suite> <!-- Default suite -->
</testng-results>
